<?xml version="1.0" encoding="UTF-8"?>
<!-- Generated by org.testng.reporters.JUnitReportReporter -->
<testsuite hostname="DESKTOP-E3MR912" failures="0" tests="1" name="org.test.AdacSearch" time="2.532" errors="0" timestamp="2022-04-08T16:03:39 IST" skipped="0">
  <testcase classname="org.test.AdacSearch" name="test2" time="2.532"/>
  <system-out/>
</testsuite> <!-- org.test.AdacSearch -->
