<?xml version="1.0" encoding="UTF-8"?>
<!-- Generated by org.testng.reporters.JUnitReportReporter -->
<testsuite hostname="DESKTOP-E3MR912" failures="0" tests="1" name="org.test.Groups" time="0.011" errors="0" timestamp="2022-04-12T20:48:31 IST" skipped="0">
  <testcase classname="org.test.Groups" name="test2" time="0.011"/>
  <system-out/>
</testsuite> <!-- org.test.Groups -->
