<?xml version="1.0" encoding="UTF-8"?>
<!-- Generated by org.testng.reporters.JUnitReportReporter -->
<testsuite hostname="DESKTOP-E3MR912" failures="0" tests="1" name="org.test.AdacConfirm" time="6.375" errors="0" timestamp="2022-04-08T16:03:39 IST" skipped="0">
  <testcase classname="org.test.AdacConfirm" name="test5" time="6.375"/>
  <system-out/>
</testsuite> <!-- org.test.AdacConfirm -->
