<?xml version="1.0" encoding="UTF-8"?>
<!-- Generated by org.testng.reporters.JUnitReportReporter -->
<testsuite hostname="DESKTOP-E3MR912" failures="0" tests="4" name="org.test.AdacLogin" time="133.150" errors="0" timestamp="2022-04-08T16:29:08 IST" skipped="0">
  <testcase classname="org.test.AdacLogin" name="test1" time="24.115"/>
  <system-out/>
  <testcase classname="org.test.AdacLogin" name="test1" time="79.751"/>
  <system-out/>
  <testcase classname="org.test.AdacLogin" name="test1" time="14.725"/>
  <system-out/>
  <testcase classname="org.test.AdacLogin" name="test1" time="14.559"/>
  <system-out/>
</testsuite> <!-- org.test.AdacLogin -->
