<?xml version="1.0" encoding="UTF-8"?>
<!-- Generated by org.testng.reporters.JUnitReportReporter -->
<testsuite hostname="DESKTOP-E3MR912" failures="0" tests="3" name="org.test.ClassA" time="0.015" errors="0" timestamp="2022-04-06T22:15:11 IST" skipped="1">
  <testcase classname="org.test.ClassA" name="testA2" time="0.003"/>
  <system-out/>
  <testcase classname="org.test.ClassA" name="testA1" time="0.012"/>
  <system-out/>
  <testcase classname="org.test.ClassA" name="testA3">
    <skipped/>
  </testcase> <!-- testA3 -->
  <system-out/>
</testsuite> <!-- org.test.ClassA -->
