<?xml version="1.0" encoding="UTF-8"?>
<!-- Generated by org.testng.reporters.JUnitReportReporter -->
<testsuite hostname="DESKTOP-E3MR912" failures="0" tests="1" name="org.test.adacSelect" time="1.224" errors="0" timestamp="2022-04-08T16:03:39 IST" skipped="0">
  <testcase classname="org.test.adacSelect" name="test3" time="1.224"/>
  <system-out/>
</testsuite> <!-- org.test.adacSelect -->
