<?xml version="1.0" encoding="UTF-8"?>
<!-- Generated by org.testng.reporters.JUnitReportReporter -->
<testsuite hostname="DESKTOP-E3MR912" failures="0" tests="5" name="org.test.AdactinTestng" time="18.737" errors="0" timestamp="2022-04-06T22:27:56 IST" skipped="0">
  <testcase classname="org.test.AdactinTestng" name="test3" time="0.841"/>
  <system-out/>
  <testcase classname="org.test.AdactinTestng" name="test1" time="8.934"/>
  <system-out/>
  <testcase classname="org.test.AdactinTestng" name="test2" time="1.721"/>
  <system-out/>
  <testcase classname="org.test.AdactinTestng" name="test4" time="1.178"/>
  <system-out/>
  <testcase classname="org.test.AdactinTestng" name="test5" time="6.063"/>
  <system-out/>
</testsuite> <!-- org.test.AdactinTestng -->
